<?xml version="1.0" encoding="UTF-8"?>
<!-- Generated by org.testng.reporters.JUnitXMLReporter -->
<testsuite ignored="0" hostname="LAPTOP-LL1FFLUD" failures="1" tests="3" name="Test" time="8.035" errors="0" timestamp="2023-02-05T17:42:17 IST">
  <testcase classname="TestCase.loginTest" name="loginWithCreds" time="1.184">
    <failure type="java.lang.AssertionError" message="expected [false] but found [true]">
      <![CDATA[java.lang.AssertionError: expected [false] but found [true]
at TestCase.loginTest.loginWithCreds(loginTest.java:20)
at java.base/java.util.ArrayList.forEach(ArrayList.java:1511)
... Removed 33 stack frames]]>
    </failure>
  </testcase> <!-- loginWithCreds -->
  <testcase classname="TestCase.loginTest" name="loginWithoutCreds" time="0.001"/>
  <testcase classname="TestCase.loginTest" name="loginWithoutCreds2" time="0.001"/>
</testsuite> <!-- Test -->
