<?xml version="1.0" encoding="UTF-8"?>
<testng-results ignored="0" total="2" passed="2" failed="0" skipped="0">
  <reporter-output>
  </reporter-output>
  <suite started-at="2023-02-23T01:56:48 IST" name="Command line suite" finished-at="2023-02-23T01:56:54 IST" duration-ms="6320">
    <groups>
    </groups>
    <test started-at="2023-02-23T01:56:48 IST" name="Command line test" finished-at="2023-02-23T01:56:54 IST" duration-ms="6320">
      <class name="Base.BaseTest">
        <test-method is-config="true" signature="readProperty()[pri:0, instance:Base.BaseTest@6a2f6f80]" started-at="2023-02-23T01:56:48 IST" name="readProperty" finished-at="2023-02-23T01:56:54 IST" duration-ms="6077" status="PASS">
          <reporter-output>
          </reporter-output>
        </test-method> <!-- readProperty -->
        <test-method is-config="true" signature="closeDriver()[pri:0, instance:Base.BaseTest@6a2f6f80]" started-at="2023-02-23T01:56:54 IST" name="closeDriver" finished-at="2023-02-23T01:56:54 IST" duration-ms="202" status="PASS">
          <reporter-output>
          </reporter-output>
        </test-method> <!-- closeDriver -->
      </class> <!-- Base.BaseTest -->
      <class name="TestCase.loginTest">
        <test-method signature="loginWithoutCreds()[pri:0, instance:TestCase.loginTest@ed7f8b4]" started-at="2023-02-23T01:56:54 IST" name="loginWithoutCreds" finished-at="2023-02-23T01:56:54 IST" duration-ms="3" status="PASS">
          <reporter-output>
          </reporter-output>
        </test-method> <!-- loginWithoutCreds -->
        <test-method signature="loginWithoutCreds2()[pri:0, instance:TestCase.loginTest@ed7f8b4]" started-at="2023-02-23T01:56:54 IST" name="loginWithoutCreds2" finished-at="2023-02-23T01:56:54 IST" duration-ms="0" status="PASS">
          <reporter-output>
          </reporter-output>
        </test-method> <!-- loginWithoutCreds2 -->
      </class> <!-- TestCase.loginTest -->
    </test> <!-- Command line test -->
  </suite> <!-- Command line suite -->
</testng-results>
